00:00:00.001747 main     VirtualBox COM Server 7.0.10 r158379 win.amd64 (Jul 12 2023 18:34:34) release log
00:00:00.001749 main     Log opened 2024-10-22T10:40:01.312777300Z
00:00:00.001749 main     Build Type: release
00:00:00.001752 main     OS Product: Windows 11
00:00:00.001752 main     OS Release: 10.0.22631
00:00:00.001753 main     OS Service Pack: 
00:00:00.020889 main     DMI Product Name: HP Pro Tower 280 G9 PCI Desktop PC
00:00:00.026836 main     DMI Product Version:  
00:00:00.026842 main     Firmware type: UEFI
00:00:00.026991 main     Secure Boot: VERR_PRIVILEGE_NOT_HELD
00:00:00.027002 main     Host RAM: 7877MB (7.6GB) total, 4678MB (4.5GB) available
00:00:00.027005 main     Executable: C:\Program Files\Oracle\VirtualBox\VBoxSVC.exe
00:00:00.027006 main     Process ID: 7404
00:00:00.027006 main     Package type: WINDOWS_64BITS_GENERIC
00:00:00.057855          VirtualBox: object creation starts
00:00:00.058001          Home directory: 'C:\Users\piet\.VirtualBox'
00:00:00.058060          Installed Drivers:
00:00:00.059234            C:\WINDOWS\system32\DRIVERS\VBoxNetLwf.sys (Version: 7.0.10.8379)
00:00:00.059518            C:\WINDOWS\system32\DRIVERS\VBoxUSBMon.sys (Version: 7.0.10.8379)
00:00:00.059703            C:\WINDOWS\system32\DRIVERS\VBoxSup.sys (Version: 7.0.10.8379)
00:00:00.059948            C:\WINDOWS\system32\DRIVERS\VBoxNetAdp6.sys (Version: 7.0.10.8379)
00:00:00.061003          Loading settings file "C:\Users\piet\.VirtualBox\VirtualBox.xml" with version "1.12-windows"
00:00:00.061617          usbLibGetDevices: Starting USB device enumeration
00:00:00.069540          usbLibGetDevices: Found 2 USB devices, 0 captured
00:00:00.130437          HostDnsMonitor: initializing
00:00:00.133715          HostDnsMonitor: updating information
00:00:00.133726          HostDnsMonitor: old information
00:00:00.133726            no server entries
00:00:00.133727            no domain set
00:00:00.133727            no search string entries
00:00:00.133727          HostDnsMonitor: new information
00:00:00.133728            server 1: 10.0.0.57
00:00:00.133728            server 2: 10.0.0.53
00:00:00.133728            domain: pu.edu
00:00:00.133729            no search string entries
00:00:00.160756          VD: VDInit finished with VINF_SUCCESS
00:00:00.161852          Loading settings file "C:\Users\piet\VirtualBox VMs\Ubuntu Big Data\Ubuntu Big Data.vbox" with version "1.19-windows"
00:00:00.162930          VirtualBox: object created
00:00:00.189095          Saving settings file "C:\Users\piet\.VirtualBox\VirtualBox.xml" with version "1.12-windows"
00:00:00.191263          Finished saving settings file "C:\Users\piet\.VirtualBox\VirtualBox.xml"
00:00:00.191402          Saving settings file "C:\Users\piet\.VirtualBox\VirtualBox.xml" with version "1.12-windows"
00:00:00.193421          Finished saving settings file "C:\Users\piet\.VirtualBox\VirtualBox.xml"
00:00:00.193561          Saving settings file "C:\Users\piet\.VirtualBox\VirtualBox.xml" with version "1.12-windows"
00:00:00.195487          Finished saving settings file "C:\Users\piet\.VirtualBox\VirtualBox.xml"
00:00:00.722935          ERROR [COM]: aRC=VBOX_E_INVALID_VM_STATE (0x80bb0002) aIID={300763af-5d6b-46e6-aa96-273eac15538a} aComponent={MachineWrap} aText={The machine is not mutable (state is PoweredOff)}, preserve=false aResultDetail=0
00:00:43.137086          Launched VM: 1073119344 pid: 2812 (0xafc) frontend: GUI/Qt name: Ubuntu Big Data
00:00:43.144697          ERROR [COM]: aRC=VBOX_E_INVALID_VM_STATE (0x80bb0002) aIID={300763af-5d6b-46e6-aa96-273eac15538a} aComponent={MachineWrap} aText={The machine is not mutable (state is PoweredOff)}, preserve=false aResultDetail=0
00:00:46.698183          ERROR [COM]: aRC=VBOX_E_INVALID_VM_STATE (0x80bb0002) aIID={300763af-5d6b-46e6-aa96-273eac15538a} aComponent={MachineWrap} aText={The machine is not mutable (state is PoweredOff)}, preserve=false aResultDetail=0
00:00:46.993038          ERROR [COM]: aRC=VBOX_E_OBJECT_NOT_FOUND (0x80bb0001) aIID={70401eef-c8e9-466b-9660-45cb3e9979e4} aComponent={ExtPackManagerWrap} aText={No extension pack by the name 'Oracle VM VirtualBox Extension Pack' was found}, preserve=false aResultDetail=0
00:00:49.206681          ERROR [COM]: aRC=VBOX_E_IPRT_ERROR (0x80bb0005) aIID={300763af-5d6b-46e6-aa96-273eac15538a} aComponent={SessionMachine} aText={Saved screenshot data is not available (VERR_NOT_SUPPORTED)}, preserve=false aResultDetail=-37
00:00:49.373108          Saving settings file "C:\Users\piet\VirtualBox VMs\Ubuntu Big Data\Ubuntu Big Data.vbox" with version "1.19-windows"
00:00:49.376104          Finished saving settings file "C:\Users\piet\VirtualBox VMs\Ubuntu Big Data\Ubuntu Big Data.vbox"
00:00:49.383505          ERROR [COM]: aRC=VBOX_E_INVALID_VM_STATE (0x80bb0002) aIID={300763af-5d6b-46e6-aa96-273eac15538a} aComponent={MachineWrap} aText={The machine is not mutable (state is Starting)}, preserve=false aResultDetail=0
00:00:50.237921          ERROR [COM]: aRC=VBOX_E_OBJECT_NOT_FOUND (0x80bb0001) aIID={ad47ad09-787b-44ab-b343-a082a3f2dfb1} aComponent={MediumWrap} aText={Property 'CRYPT/KeyId' does not exist}, preserve=false aResultDetail=0
00:00:50.253664          ERROR [COM]: aRC=VBOX_E_INVALID_VM_STATE (0x80bb0002) aIID={300763af-5d6b-46e6-aa96-273eac15538a} aComponent={MachineWrap} aText={The machine is not mutable (state is Running)}, preserve=false aResultDetail=0
00:02:06.620343          ERROR [COM]: aRC=VBOX_E_INVALID_VM_STATE (0x80bb0002) aIID={300763af-5d6b-46e6-aa96-273eac15538a} aComponent={MachineWrap} aText={The machine is not mutable (state is Paused)}, preserve=false aResultDetail=0
00:02:08.683105          ERROR [COM]: aRC=VBOX_E_INVALID_VM_STATE (0x80bb0002) aIID={300763af-5d6b-46e6-aa96-273eac15538a} aComponent={MachineWrap} aText={The machine is not mutable (state is Running)}, preserve=false aResultDetail=0
00:22:23.833995          ERROR [COM]: aRC=VBOX_E_INVALID_VM_STATE (0x80bb0002) aIID={300763af-5d6b-46e6-aa96-273eac15538a} aComponent={MachineWrap} aText={The machine is not mutable (state is Paused)}, preserve=false aResultDetail=0
00:22:25.922472          ERROR [COM]: aRC=VBOX_E_INVALID_VM_STATE (0x80bb0002) aIID={300763af-5d6b-46e6-aa96-273eac15538a} aComponent={MachineWrap} aText={The machine is not mutable (state is Running)}, preserve=false aResultDetail=0
00:22:33.227391          ERROR [COM]: aRC=VBOX_E_INVALID_VM_STATE (0x80bb0002) aIID={300763af-5d6b-46e6-aa96-273eac15538a} aComponent={MachineWrap} aText={The machine is not mutable (state is Paused)}, preserve=false aResultDetail=0
00:22:34.944074          ERROR [COM]: aRC=VBOX_E_INVALID_VM_STATE (0x80bb0002) aIID={300763af-5d6b-46e6-aa96-273eac15538a} aComponent={MachineWrap} aText={The machine is not mutable (state is Stopping)}, preserve=false aResultDetail=0
00:22:34.965965          Saving settings file "C:\Users\piet\VirtualBox VMs\Ubuntu Big Data\Ubuntu Big Data.vbox" with version "1.19-windows"
00:22:34.968728          Finished saving settings file "C:\Users\piet\VirtualBox VMs\Ubuntu Big Data\Ubuntu Big Data.vbox"
00:22:34.974607          ERROR [COM]: aRC=VBOX_E_INVALID_VM_STATE (0x80bb0002) aIID={300763af-5d6b-46e6-aa96-273eac15538a} aComponent={MachineWrap} aText={The machine is not mutable (state is PoweredOff)}, preserve=false aResultDetail=0
00:22:35.983539          ERROR [COM]: aRC=VBOX_E_INVALID_VM_STATE (0x80bb0002) aIID={300763af-5d6b-46e6-aa96-273eac15538a} aComponent={MachineWrap} aText={The machine is not mutable (state is PoweredOff)}, preserve=false aResultDetail=0
00:22:42.906294 main     VirtualBox: object deletion starts
00:22:42.906331 main     ERROR [COM]: aRC=VBOX_E_OBJECT_IN_USE (0x80bb000c) aIID={ad47ad09-787b-44ab-b343-a082a3f2dfb1} aComponent={MediumWrap} aText={Medium 'C:\Users\piet\VirtualBox VMs\Ubuntu Big Data\Snapshots/{4a9f2b21-0a9a-4bed-b0e6-426e2c578de2}.vdi' cannot be closed because it is still attached to 1 virtual machines}, preserve=false aResultDetail=0
00:22:42.906850 main     ERROR [COM]: aRC=E_ACCESSDENIED (0x80070005) aIID={6cc49055-dad4-4496-85cf-3f76bcb3b5fa} aComponent={SnapshotWrap} aText={The object is not ready}, preserve=false aResultDetail=0
00:22:42.906997 main     ERROR [COM]: aRC=E_ACCESSDENIED (0x80070005) aIID={6cc49055-dad4-4496-85cf-3f76bcb3b5fa} aComponent={SnapshotWrap} aText={The object is not ready}, preserve=false aResultDetail=0
00:22:42.907031 main     ERROR [COM]: aRC=E_ACCESSDENIED (0x80070005) aIID={6cc49055-dad4-4496-85cf-3f76bcb3b5fa} aComponent={SnapshotWrap} aText={The object is not ready}, preserve=false aResultDetail=0
00:22:42.907493 main     HostDnsMonitor: shutting down ...
00:22:42.907518 main     HostDnsMonitor: shut down
00:22:42.908156 Watcher  ERROR [COM]: aRC=E_ACCESSDENIED (0x80070005) aIID={7682d5eb-f00e-44f1-8ca2-99d08b1cd607} aComponent={VirtualBoxWrap} aText={The object is not ready}, preserve=false aResultDetail=0
00:22:42.908258 main     VirtualBox: object deleted
